{
  "RSpec": {
    "coverage": {
      "/Users/kareem/Projects/Gilded-Rose/spec/aged_brie_spec.rb": [
        1,
        null,
        1,
        2,
        1,
        null,
        1,
        1,
        null,
        null
      ],
      "/Users/kareem/Projects/Gilded-Rose/lib/aged_brie.rb": [
        1,
        null,
        1,
        1,
        1,
        null,
        null
      ],
      "/Users/kareem/Projects/Gilded-Rose/lib/item.rb": [
        1,
        1,
        null,
        1,
        32,
        32,
        32,
        32,
        null,
        null,
        1,
        null,
        1,
        32,
        30,
        null,
        null,
        1,
        18,
        null,
        null,
        1,
        2,
        null,
        null
      ],
      "/Users/kareem/Projects/Gilded-Rose/spec/backstage_passes_spec.rb": [
        1,
        null,
        1,
        2,
        2,
        2,
        2,
        null,
        1,
        1,
        null,
        null,
        1,
        1,
        null,
        null,
        1,
        1,
        null,
        null,
        1,
        1,
        null,
        null
      ],
      "/Users/kareem/Projects/Gilded-Rose/lib/backstage_passes.rb": [
        1,
        null,
        1,
        1,
        7,
        7,
        null,
        null,
        1,
        1,
        7,
        3,
        4,
        2,
        2,
        1,
        null,
        1,
        null,
        null,
        null
      ],
      "/Users/kareem/Projects/Gilded-Rose/spec/conjured_spec.rb": [
        1,
        null,
        1,
        9,
        4,
        6,
        5,
        null,
        1,
        1,
        1,
        null,
        null,
        1,
        1,
        null,
        null,
        1,
        1,
        null,
        null,
        1,
        1,
        1,
        null,
        null,
        1,
        2,
        null,
        null,
        1,
        2,
        null,
        null,
        null,
        1,
        1,
        1,
        1,
        null,
        null,
        1,
        1,
        null,
        null,
        null,
        1,
        1,
        3,
        3,
        3,
        null,
        null,
        1,
        1,
        null,
        null,
        1,
        1,
        null,
        null,
        1,
        1,
        1,
        null,
        null,
        null
      ],
      "/Users/kareem/Projects/Gilded-Rose/lib/conjured.rb": [
        1,
        null,
        1,
        1,
        9,
        9,
        9,
        null,
        null,
        1,
        1,
        9,
        null,
        null,
        1,
        9,
        null,
        null
      ],
      "/Users/kareem/Projects/Gilded-Rose/spec/inn_spec.rb": [
        1,
        1,
        null,
        1,
        4,
        7,
        2,
        3,
        null,
        1,
        1,
        null,
        null,
        1,
        1,
        null,
        null,
        1,
        1,
        null,
        null,
        1,
        1,
        1,
        null,
        null,
        1,
        2,
        null,
        null,
        1,
        2,
        null,
        null,
        1,
        1,
        1,
        null,
        null,
        1,
        1,
        1,
        null,
        null,
        null,
        1,
        1,
        1,
        1,
        1,
        null,
        null,
        1,
        1,
        null,
        null,
        null
      ],
      "/Users/kareem/Projects/Gilded-Rose/lib/inn.rb": [
        1,
        1,
        null,
        1,
        9,
        null,
        null,
        1,
        14,
        null,
        null,
        1,
        8,
        14,
        null,
        null,
        null,
        1,
        0,
        null,
        null
      ],
      "/Users/kareem/Projects/Gilded-Rose/spec/item_spec.rb": [
        1,
        null,
        1,
        null,
        null
      ],
      "/Users/kareem/Projects/Gilded-Rose/spec/product_spec.rb": [
        1,
        null,
        1,
        5,
        2,
        2,
        2,
        null,
        1,
        1,
        null,
        null,
        1,
        1,
        null,
        null,
        1,
        1,
        null,
        null,
        1,
        1,
        1,
        1,
        1,
        null,
        null,
        1,
        1,
        null,
        null,
        null,
        null
      ],
      "/Users/kareem/Projects/Gilded-Rose/lib/product.rb": [
        1,
        null,
        1,
        1,
        2,
        2,
        null,
        null
      ]
    },
    "timestamp": 1567178097
  }
}
